[ 2020-07-25T22:26:50+08:00 ] ::1 /treehole/index.php/Home/Message/delete_message
INFO: [ app_init ] --START--
INFO: Run Behavior\BuildLiteBehavior [ RunTime:0.000030s ]
INFO: [ app_init ] --END-- [ RunTime:0.000854s ]
INFO: [ app_begin ] --START--
INFO: Run Behavior\ReadHtmlCacheBehavior [ RunTime:0.001349s ]
INFO: [ app_begin ] --END-- [ RunTime:0.001416s ]
NOTIC: [8] Undefined index: user_id C:\PHPTutorial\PHPTutorial\WWW\treehole\Application\Home\Controller\MessageController.class.php 第 164 行.

[ 2020-07-25T22:27:09+08:00 ] ::1 /treehole/index.php/Home/Message/delete_message
INFO: [ app_init ] --START--
INFO: Run Behavior\BuildLiteBehavior [ RunTime:0.000019s ]
INFO: [ app_init ] --END-- [ RunTime:0.000719s ]
INFO: [ app_begin ] --START--
INFO: Run Behavior\ReadHtmlCacheBehavior [ RunTime:0.002180s ]
INFO: [ app_begin ] --END-- [ RunTime:0.002275s ]
SQL: SHOW COLUMNS FROM `message` [ RunTime:0.0196s ]
NOTIC: [8] Undefined index: message_id C:\PHPTutorial\PHPTutorial\WWW\treehole\Application\Home\Controller\MessageController.class.php 第 173 行.
SQL: DELETE FROM `message` WHERE `id` = null [ RunTime:0.0011s ]
INFO: [ app_end ] --START--
INFO: Run Behavior\ShowPageTraceBehavior [ RunTime:0.007475s ]
INFO: [ app_end ] --END-- [ RunTime:0.007676s ]

[ 2020-07-25T22:27:34+08:00 ] ::1 /treehole/index.php/Home/Message/delete_message
INFO: [ app_init ] --START--
INFO: Run Behavior\BuildLiteBehavior [ RunTime:0.000034s ]
INFO: [ app_init ] --END-- [ RunTime:0.000869s ]
INFO: [ app_begin ] --START--
INFO: Run Behavior\ReadHtmlCacheBehavior [ RunTime:0.001390s ]
INFO: [ app_begin ] --END-- [ RunTime:0.001511s ]
SQL: SHOW COLUMNS FROM `message` [ RunTime:0.0172s ]
SQL: DELETE FROM `message` WHERE `id` = 4 [ RunTime:0.0013s ]

