[ 2020-07-29T23:36:08+08:00 ] ::1 /beiyouxiangzi/index.php/Home/User/sign
INFO: [ app_init ] --START--
INFO: Run Behavior\BuildLiteBehavior [ RunTime:0.000039s ]
INFO: [ app_init ] --END-- [ RunTime:0.003097s ]
INFO: [ app_begin ] --START--
INFO: Run Behavior\ReadHtmlCacheBehavior [ RunTime:0.001534s ]
INFO: [ app_begin ] --END-- [ RunTime:0.001641s ]
NOTIC: [8] Undefined index: username C:\PHPTutorial\PHPTutorial\WWW\beiyouxiangzi\Application\Home\Controller\UserController.class.php 第 12 行.

[ 2020-07-29T23:37:35+08:00 ] ::1 /beiyouxiangzi/index.php/Home/Test/test
INFO: [ app_init ] --START--
INFO: Run Behavior\BuildLiteBehavior [ RunTime:0.000018s ]
INFO: [ app_init ] --END-- [ RunTime:0.000567s ]
INFO: [ app_begin ] --START--
INFO: Run Behavior\ReadHtmlCacheBehavior [ RunTime:0.001164s ]
INFO: [ app_begin ] --END-- [ RunTime:0.001320s ]
ERR: 非法操作:test

[ 2020-07-29T23:37:49+08:00 ] ::1 /beiyouxiangzi/index.php/Home/Test/test
INFO: [ app_init ] --START--
INFO: Run Behavior\BuildLiteBehavior [ RunTime:0.000071s ]
INFO: [ app_init ] --END-- [ RunTime:0.001403s ]
INFO: [ app_begin ] --START--
INFO: Run Behavior\ReadHtmlCacheBehavior [ RunTime:0.001479s ]
INFO: [ app_begin ] --END-- [ RunTime:0.001688s ]

[ 2020-07-29T23:38:02+08:00 ] ::1 /beiyouxiangzi/index.php/Home/Test/test
INFO: [ app_init ] --START--
INFO: Run Behavior\BuildLiteBehavior [ RunTime:0.000030s ]
INFO: [ app_init ] --END-- [ RunTime:0.001200s ]
INFO: [ app_begin ] --START--
INFO: Run Behavior\ReadHtmlCacheBehavior [ RunTime:0.001098s ]
INFO: [ app_begin ] --END-- [ RunTime:0.001187s ]
INFO: [ app_end ] --START--
INFO: Run Behavior\ShowPageTraceBehavior [ RunTime:0.001588s ]
INFO: [ app_end ] --END-- [ RunTime:0.001702s ]

[ 2020-07-29T23:56:27+08:00 ] ::1 /beiyouxiangzi/index.php/Home/User/weixinlogin?code=0117F66h1DaK8u0PpF7h1ND76h17F66H&encryptedData=uvW5iPPFaqCyVhUt3lsF78UFcFFhLrPsBDg1Am4yGlvIu5F5dQ39UNJDPE8a7MoArndA%252FNKmh7VO%252F0zjmhA%252BXfwUqCuMMbulshGEwHSNLQDxTkuuYhcPi2UWXNyyLQS2InLx22Xh8ZRI9cTAkB6jKGYxt8zTYd02UGe0%252Bp6HMpzGmui8LpRO9N9IPwtSVpOF8widwjeQd0k%252F9iQqFZZ75YnmG7pTxv3oTDQx1Ua8tQyjtpFNjp6RxXVZedaEHD9yvGebZPHrX7cqDJ1AIJ0ifoSfvdyzWEkjBDp5h%252Bq%252BscmCQYWKOWPNJPU7rIihsAtwRZhOQGUwHBFoU5LbRYCcZhELJv4SVcKvuRSRZMK7%252Bi%252FP0CDtMTb8pX%252FZgrDx1C%252FJtFkdJ6cx8IpN7G%252FnFxFY6YYSi7OOgt3%252BUGiyMrc8hSFwRoTtXhIJH9IsM1aI9wYRxvtJ62foppGO01wU8BBJA%252Fr2tzdFwLtNt4nUQfoMZPg%253D&iv=PaP4xPbcoLdJOcMVQG219Q%3D%3D
INFO: [ app_init ] --START--
INFO: Run Behavior\BuildLiteBehavior [ RunTime:0.000081s ]
INFO: [ app_init ] --END-- [ RunTime:0.001074s ]
INFO: [ app_begin ] --START--
INFO: Run Behavior\ReadHtmlCacheBehavior [ RunTime:0.001666s ]
INFO: [ app_begin ] --END-- [ RunTime:0.001796s ]

[ 2020-07-29T23:57:20+08:00 ] ::1 /beiyouxiangzi/index.php/Home/User/weixinlogin
INFO: [ app_init ] --START--
INFO: Run Behavior\BuildLiteBehavior [ RunTime:0.000018s ]
INFO: [ app_init ] --END-- [ RunTime:0.000546s ]
INFO: [ app_begin ] --START--
INFO: Run Behavior\ReadHtmlCacheBehavior [ RunTime:0.000833s ]
INFO: [ app_begin ] --END-- [ RunTime:0.000889s ]

